<?xml version="1.0" encoding="UTF-8"?>
<testsuite name="com.bl.arithmaticexpression.ArithmaticTest" tests="2" skipped="0" failures="0" errors="0" timestamp="2020-04-21T02:49:13" hostname="SWAPNIKA" time="0.052">
  <properties/>
  <testcase name="givenTwoInput_WhenAdd_ShouldReturnSum" classname="com.bl.arithmaticexpression.ArithmaticTest" time="0.003"/>
  <testcase name="givenTwoInput_WhenSubstract_ShouldReturnDifference" classname="com.bl.arithmaticexpression.ArithmaticTest" time="0.006"/>
  <system-out><![CDATA[]]></system-out>
  <system-err><![CDATA[]]></system-err>
</testsuite>
