<?xml version="1.0" encoding="UTF-8"?>
<testsuite name="com.bl.arithmaticexpression.ArithmaticTest" tests="3" skipped="0" failures="0" errors="0" timestamp="2020-04-21T02:58:25" hostname="SWAPNIKA" time="0.006">
  <properties/>
  <testcase name="givenTwoInput_WhenAdd_ShouldReturnSum" classname="com.bl.arithmaticexpression.ArithmaticTest" time="0.002"/>
  <testcase name="givenTwoInput_WhenMultiply_ShouldReturnMultiplication" classname="com.bl.arithmaticexpression.ArithmaticTest" time="0.0"/>
  <testcase name="givenTwoInput_WhenSubstract_ShouldReturnDifference" classname="com.bl.arithmaticexpression.ArithmaticTest" time="0.001"/>
  <system-out><![CDATA[]]></system-out>
  <system-err><![CDATA[]]></system-err>
</testsuite>
