<?xml version="1.0" encoding="UTF-8"?>
<testsuite name="com.bl.arithmaticexpression.ArithmaticTest" tests="4" skipped="0" failures="0" errors="0" timestamp="2020-04-21T03:13:33" hostname="SWAPNIKA" time="0.004">
  <properties/>
  <testcase name="givenTwoInput_WhenDivide_ShouldReturnDivision" classname="com.bl.arithmaticexpression.ArithmaticTest" time="0.002"/>
  <testcase name="givenTwoInput_WhenAdd_ShouldReturnSum" classname="com.bl.arithmaticexpression.ArithmaticTest" time="0.0"/>
  <testcase name="givenTwoInput_WhenMultiply_ShouldReturnMultiplication" classname="com.bl.arithmaticexpression.ArithmaticTest" time="0.0"/>
  <testcase name="givenTwoInput_WhenSubstract_ShouldReturnDifference" classname="com.bl.arithmaticexpression.ArithmaticTest" time="0.0"/>
  <system-out><![CDATA[]]></system-out>
  <system-err><![CDATA[]]></system-err>
</testsuite>
